<?xml version="1.0" encoding="UTF-8"?>
<testng-results ignored="0" total="1" passed="1" failed="0" skipped="0">
  <reporter-output>
    <line>
      <![CDATA[nareshit]]>
    </line>
    <line>
      <![CDATA[nareshit]]>
    </line>
    <line>
      <![CDATA[Application Opened]]>
    </line>
    <line>
      <![CDATA[Login completed]]>
    </line>
    <line>
      <![CDATA[Logout completed]]>
    </line>
  </reporter-output>
  <suite started-at="2023-11-27T13:09:11 IST" name="Default suite" finished-at="2023-11-27T13:09:33 IST" duration-ms="21707">
    <groups>
    </groups>
    <test started-at="2023-11-27T13:09:11 IST" name="Default test" finished-at="2023-11-27T13:09:33 IST" duration-ms="21707">
      <class name="testng_Example.Exp_Wd_Testing1">
        <test-method is-config="true" signature="startUp()[pri:0, instance:testng_Example.Exp_Wd_Testing1@1ff4931d]" started-at="2023-11-27T13:09:11 IST" name="startUp" finished-at="2023-11-27T13:09:16 IST" duration-ms="5001" status="PASS">
          <reporter-output>
          </reporter-output>
        </test-method> <!-- startUp -->
        <test-method signature="tc001()[pri:0, instance:testng_Example.Exp_Wd_Testing1@1ff4931d]" started-at="2023-11-27T13:09:16 IST" name="tc001" finished-at="2023-11-27T13:09:33 IST" duration-ms="16538" status="PASS">
          <reporter-output>
            <line>
              <![CDATA[nareshit]]>
            </line>
            <line>
              <![CDATA[nareshit]]>
            </line>
            <line>
              <![CDATA[Application Opened]]>
            </line>
            <line>
              <![CDATA[Login completed]]>
            </line>
            <line>
              <![CDATA[Logout completed]]>
            </line>
          </reporter-output>
        </test-method> <!-- tc001 -->
        <test-method is-config="true" signature="tearDown()[pri:0, instance:testng_Example.Exp_Wd_Testing1@1ff4931d]" started-at="2023-11-27T13:09:33 IST" name="tearDown" finished-at="2023-11-27T13:09:33 IST" duration-ms="124" status="PASS">
          <reporter-output>
          </reporter-output>
        </test-method> <!-- tearDown -->
      </class> <!-- testng_Example.Exp_Wd_Testing1 -->
    </test> <!-- Default test -->
  </suite> <!-- Default suite -->
</testng-results>
